2021-01-07 16:11:27.015  INFO 9212 --- [main] com.pz.ankietBud.AnkietBudApplication    : Starting AnkietBudApplication on DESKTOP-BUJI81K with PID 9212 (G:\Projects\Projekt_Zespolowy_2020\Backend\target\classes started by Mateusz-PC in G:\Projects\Projekt_Zespolowy_2020\Backend)
2021-01-07 16:11:27.028  INFO 9212 --- [main] com.pz.ankietBud.AnkietBudApplication    : No active profile set, falling back to default profiles: default
2021-01-07 16:11:28.138  INFO 9212 --- [main] .s.d.r.c.RepositoryConfigurationDelegate : Bootstrapping Spring Data JPA repositories in DEFERRED mode.
2021-01-07 16:11:28.229  INFO 9212 --- [main] .s.d.r.c.RepositoryConfigurationDelegate : Finished Spring Data repository scanning in 81ms. Found 10 JPA repository interfaces.
2021-01-07 16:11:29.220  INFO 9212 --- [main] o.s.b.w.embedded.tomcat.TomcatWebServer  : Tomcat initialized with port(s): 8080 (http)
2021-01-07 16:11:29.231  INFO 9212 --- [main] o.apache.catalina.core.StandardService   : Starting service [Tomcat]
2021-01-07 16:11:29.231  INFO 9212 --- [main] org.apache.catalina.core.StandardEngine  : Starting Servlet engine: [Apache Tomcat/9.0.39]
2021-01-07 16:11:29.339  INFO 9212 --- [main] o.a.c.c.C.[Tomcat].[localhost].[/]       : Initializing Spring embedded WebApplicationContext
2021-01-07 16:11:29.340  INFO 9212 --- [main] w.s.c.ServletWebServerApplicationContext : Root WebApplicationContext: initialization completed in 2248 ms
2021-01-07 16:11:29.460  INFO 9212 --- [main] com.zaxxer.hikari.HikariDataSource       : HikariPool-1 - Starting...
2021-01-07 16:11:29.972  INFO 9212 --- [main] com.zaxxer.hikari.HikariDataSource       : HikariPool-1 - Start completed.
2021-01-07 16:11:30.084  INFO 9212 --- [main] o.s.s.concurrent.ThreadPoolTaskExecutor  : Initializing ExecutorService 'applicationTaskExecutor'
2021-01-07 16:11:30.103  INFO 9212 --- [main] o.s.s.c.ThreadPoolTaskScheduler          : Initializing ExecutorService 'taskScheduler'
2021-01-07 16:11:30.260  INFO 9212 --- [task-1] o.hibernate.jpa.internal.util.LogHelper  : HHH000204: Processing PersistenceUnitInfo [name: default]
2021-01-07 16:11:30.667  INFO 9212 --- [task-1] org.hibernate.Version                    : HHH000412: Hibernate ORM core version 5.4.22.Final
2021-01-07 16:11:30.935  WARN 9212 --- [main] JpaBaseConfiguration$JpaWebConfiguration : spring.jpa.open-in-view is enabled by default. Therefore, database queries may be performed during view rendering. Explicitly configure spring.jpa.open-in-view to disable this warning
2021-01-07 16:11:30.977  INFO 9212 --- [task-1] o.hibernate.annotations.common.Version   : HCANN000001: Hibernate Commons Annotations {5.1.0.Final}
2021-01-07 16:11:31.489  INFO 9212 --- [task-1] org.hibernate.dialect.Dialect            : HHH000400: Using dialect: org.hibernate.dialect.PostgreSQLDialect
2021-01-07 16:11:31.832  INFO 9212 --- [main] o.s.b.w.embedded.tomcat.TomcatWebServer  : Tomcat started on port(s): 8080 (http) with context path ''
2021-01-07 16:11:32.211  WARN 9212 --- [task-1] org.hibernate.cfg.AnnotationBinder       : HHH000457: Joined inheritance hierarchy [com.pz.ankietBud.model.Question] defined explicit @DiscriminatorColumn.  Legacy Hibernate behavior was to ignore the @DiscriminatorColumn.  However, as part of issue HHH-6911 we now apply the explicit @DiscriminatorColumn.  If you would prefer the legacy behavior, enable the `hibernate.discriminator.ignore_explicit_for_joined` setting (hibernate.discriminator.ignore_explicit_for_joined=true)
2021-01-07 16:11:32.379  INFO 9212 --- [main] DeferredRepositoryInitializationListener : Triggering deferred initialization of Spring Data repositories…
2021-01-07 16:11:33.365  INFO 9212 --- [task-1] o.h.e.t.j.p.i.JtaPlatformInitiator       : HHH000490: Using JtaPlatform implementation: [org.hibernate.engine.transaction.jta.platform.internal.NoJtaPlatform]
2021-01-07 16:11:33.371  INFO 9212 --- [task-1] j.LocalContainerEntityManagerFactoryBean : Initialized JPA EntityManagerFactory for persistence unit 'default'
2021-01-07 16:11:33.711  INFO 9212 --- [main] DeferredRepositoryInitializationListener : Spring Data repositories initialized!
2021-01-07 16:11:33.711  INFO 9212 --- [main] com.pz.ankietBud.configuration.OnStart   : |   /------------------------------------------------------------------------------------
2021-01-07 16:11:33.712  INFO 9212 --- [main] com.pz.ankietBud.configuration.OnStart   : |  /
2021-01-07 16:11:33.712  INFO 9212 --- [main] com.pz.ankietBud.configuration.OnStart   : | /
2021-01-07 16:11:33.712  INFO 9212 --- [main] com.pz.ankietBud.configuration.OnStart   : |/
2021-01-07 16:11:33.712  INFO 9212 --- [main] com.pz.ankietBud.configuration.OnStart   : Server has started
2021-01-07 16:11:33.720  INFO 9212 --- [main] com.pz.ankietBud.AnkietBudApplication    : Started AnkietBudApplication in 7.472 seconds (JVM running for 8.543)
2021-01-07 16:11:45.580  INFO 9212 --- [http-nio-8080-exec-2] o.a.c.c.C.[Tomcat].[localhost].[/]       : Initializing Spring DispatcherServlet 'dispatcherServlet'
2021-01-07 16:11:45.581  INFO 9212 --- [http-nio-8080-exec-2] o.s.web.servlet.DispatcherServlet        : Initializing Servlet 'dispatcherServlet'
2021-01-07 16:11:45.591  INFO 9212 --- [http-nio-8080-exec-2] o.s.web.servlet.DispatcherServlet        : Completed initialization in 10 ms
2021-01-07 16:11:45.892  INFO 9212 --- [http-nio-8080-exec-2] c.p.a.c.SurveyServiceController          : [{"id_survey":1,"id_question":3},{"id_survey":1,"id_question":4},{"id_survey":1,"id_question":5}]
2021-01-07 16:11:46.032  INFO 9212 --- [http-nio-8080-exec-2] c.p.a.c.SurveyServiceController          : {"survey":{"id":1,"name":"SurveyService","description":"SurveyService","status":"open","creationDate":"2012-01-01T11:23:33","endDate":"2032-01-01T00:02:00"},"guest":{"id":2,"identifier":"0:0:0:0:0:0:0:1:21:PostmanRuntime/7.26.8"},"choices":[],"ratings":[],"scales":[{"id":3,"content":"Scale_SurveyService","votes":[100,20,3],"sum":123,"anchor_left":"L","anchor_right":"R","anchor_central":"C","value_min":1,"value_max":10}],"sliders":[{"id":4,"content":"Slider_SurveyService","votes":[100,20,3],"sum":123,"value_min":55,"value_max":110,"interval":55},{"id":5,"content":"Slider2_SurveyService","votes":[100,20,3],"sum":123,"value_min":55,"value_max":110,"interval":55}],"questions":{"Choice":0,"Slider":2,"Rating":0,"Scale":1}}
2021-01-07 16:12:35.374  INFO 2408 --- [main] com.pz.ankietBud.AnkietBudApplication    : Starting AnkietBudApplication on DESKTOP-BUJI81K with PID 2408 (G:\Projects\Projekt_Zespolowy_2020\Backend\target\classes started by Mateusz-PC in G:\Projects\Projekt_Zespolowy_2020\Backend)
2021-01-07 16:12:35.378  INFO 2408 --- [main] com.pz.ankietBud.AnkietBudApplication    : No active profile set, falling back to default profiles: default
2021-01-07 16:12:36.558  INFO 2408 --- [main] .s.d.r.c.RepositoryConfigurationDelegate : Bootstrapping Spring Data JPA repositories in DEFERRED mode.
2021-01-07 16:12:36.655  INFO 2408 --- [main] .s.d.r.c.RepositoryConfigurationDelegate : Finished Spring Data repository scanning in 80ms. Found 10 JPA repository interfaces.
2021-01-07 16:12:37.438  INFO 2408 --- [main] o.s.b.w.embedded.tomcat.TomcatWebServer  : Tomcat initialized with port(s): 8080 (http)
2021-01-07 16:12:37.448  INFO 2408 --- [main] o.apache.catalina.core.StandardService   : Starting service [Tomcat]
2021-01-07 16:12:37.448  INFO 2408 --- [main] org.apache.catalina.core.StandardEngine  : Starting Servlet engine: [Apache Tomcat/9.0.39]
2021-01-07 16:12:37.564  INFO 2408 --- [main] o.a.c.c.C.[Tomcat].[localhost].[/]       : Initializing Spring embedded WebApplicationContext
2021-01-07 16:12:37.564  INFO 2408 --- [main] w.s.c.ServletWebServerApplicationContext : Root WebApplicationContext: initialization completed in 2130 ms
2021-01-07 16:12:37.713  INFO 2408 --- [main] com.zaxxer.hikari.HikariDataSource       : HikariPool-1 - Starting...
2021-01-07 16:12:37.894  INFO 2408 --- [main] com.zaxxer.hikari.HikariDataSource       : HikariPool-1 - Start completed.
2021-01-07 16:12:37.988  INFO 2408 --- [main] o.s.s.concurrent.ThreadPoolTaskExecutor  : Initializing ExecutorService 'applicationTaskExecutor'
2021-01-07 16:12:37.997  INFO 2408 --- [main] o.s.s.c.ThreadPoolTaskScheduler          : Initializing ExecutorService 'taskScheduler'
2021-01-07 16:12:38.062  INFO 2408 --- [task-1] o.hibernate.jpa.internal.util.LogHelper  : HHH000204: Processing PersistenceUnitInfo [name: default]
2021-01-07 16:12:38.121  INFO 2408 --- [task-1] org.hibernate.Version                    : HHH000412: Hibernate ORM core version 5.4.22.Final
2021-01-07 16:12:38.623  INFO 2408 --- [task-1] o.hibernate.annotations.common.Version   : HCANN000001: Hibernate Commons Annotations {5.1.0.Final}
2021-01-07 16:12:38.691  WARN 2408 --- [main] JpaBaseConfiguration$JpaWebConfiguration : spring.jpa.open-in-view is enabled by default. Therefore, database queries may be performed during view rendering. Explicitly configure spring.jpa.open-in-view to disable this warning
2021-01-07 16:12:38.788  INFO 2408 --- [task-1] org.hibernate.dialect.Dialect            : HHH000400: Using dialect: org.hibernate.dialect.PostgreSQLDialect
2021-01-07 16:12:39.302  INFO 2408 --- [main] o.s.b.w.embedded.tomcat.TomcatWebServer  : Tomcat started on port(s): 8080 (http) with context path ''
2021-01-07 16:12:39.327  WARN 2408 --- [task-1] org.hibernate.cfg.AnnotationBinder       : HHH000457: Joined inheritance hierarchy [com.pz.ankietBud.model.Question] defined explicit @DiscriminatorColumn.  Legacy Hibernate behavior was to ignore the @DiscriminatorColumn.  However, as part of issue HHH-6911 we now apply the explicit @DiscriminatorColumn.  If you would prefer the legacy behavior, enable the `hibernate.discriminator.ignore_explicit_for_joined` setting (hibernate.discriminator.ignore_explicit_for_joined=true)
2021-01-07 16:12:39.870  INFO 2408 --- [main] DeferredRepositoryInitializationListener : Triggering deferred initialization of Spring Data repositories…
2021-01-07 16:12:40.438  INFO 2408 --- [task-1] o.h.e.t.j.p.i.JtaPlatformInitiator       : HHH000490: Using JtaPlatform implementation: [org.hibernate.engine.transaction.jta.platform.internal.NoJtaPlatform]
2021-01-07 16:12:40.444  INFO 2408 --- [task-1] j.LocalContainerEntityManagerFactoryBean : Initialized JPA EntityManagerFactory for persistence unit 'default'
2021-01-07 16:12:40.751  INFO 2408 --- [main] DeferredRepositoryInitializationListener : Spring Data repositories initialized!
2021-01-07 16:12:40.751  INFO 2408 --- [main] com.pz.ankietBud.configuration.OnStart   : |   /------------------------------------------------------------------------------------
2021-01-07 16:12:40.752  INFO 2408 --- [main] com.pz.ankietBud.configuration.OnStart   : |  /
2021-01-07 16:12:40.752  INFO 2408 --- [main] com.pz.ankietBud.configuration.OnStart   : | /
2021-01-07 16:12:40.752  INFO 2408 --- [main] com.pz.ankietBud.configuration.OnStart   : |/
2021-01-07 16:12:40.752  INFO 2408 --- [main] com.pz.ankietBud.configuration.OnStart   : Server has started
2021-01-07 16:12:40.760  INFO 2408 --- [main] com.pz.ankietBud.AnkietBudApplication    : Started AnkietBudApplication in 5.892 seconds (JVM running for 6.519)
2021-01-07 16:22:27.962  INFO 4912 --- [main] com.pz.ankietBud.AnkietBudApplication    : Starting AnkietBudApplication on DESKTOP-BUJI81K with PID 4912 (G:\Projects\Projekt_Zespolowy_2020\Backend\target\classes started by Mateusz-PC in G:\Projects\Projekt_Zespolowy_2020\Backend)
2021-01-07 16:22:27.967  INFO 4912 --- [main] com.pz.ankietBud.AnkietBudApplication    : No active profile set, falling back to default profiles: default
2021-01-07 16:22:29.124  INFO 4912 --- [main] .s.d.r.c.RepositoryConfigurationDelegate : Bootstrapping Spring Data JPA repositories in DEFERRED mode.
2021-01-07 16:22:29.243  INFO 4912 --- [main] .s.d.r.c.RepositoryConfigurationDelegate : Finished Spring Data repository scanning in 106ms. Found 10 JPA repository interfaces.
2021-01-07 16:22:29.989  INFO 4912 --- [main] o.s.b.w.embedded.tomcat.TomcatWebServer  : Tomcat initialized with port(s): 8080 (http)
2021-01-07 16:22:30.001  INFO 4912 --- [main] o.apache.catalina.core.StandardService   : Starting service [Tomcat]
2021-01-07 16:22:30.002  INFO 4912 --- [main] org.apache.catalina.core.StandardEngine  : Starting Servlet engine: [Apache Tomcat/9.0.39]
2021-01-07 16:22:30.092  INFO 4912 --- [main] o.a.c.c.C.[Tomcat].[localhost].[/]       : Initializing Spring embedded WebApplicationContext
2021-01-07 16:22:30.092  INFO 4912 --- [main] w.s.c.ServletWebServerApplicationContext : Root WebApplicationContext: initialization completed in 2026 ms
2021-01-07 16:22:30.184  INFO 4912 --- [main] com.zaxxer.hikari.HikariDataSource       : HikariPool-1 - Starting...
2021-01-07 16:22:30.392  INFO 4912 --- [main] com.zaxxer.hikari.HikariDataSource       : HikariPool-1 - Start completed.
2021-01-07 16:22:30.483  INFO 4912 --- [main] o.s.s.concurrent.ThreadPoolTaskExecutor  : Initializing ExecutorService 'applicationTaskExecutor'
2021-01-07 16:22:30.492  INFO 4912 --- [main] o.s.s.c.ThreadPoolTaskScheduler          : Initializing ExecutorService 'taskScheduler'
2021-01-07 16:22:30.569  INFO 4912 --- [task-1] o.hibernate.jpa.internal.util.LogHelper  : HHH000204: Processing PersistenceUnitInfo [name: default]
2021-01-07 16:22:30.582  WARN 4912 --- [main] ConfigServletWebServerApplicationContext : Exception encountered during context initialization - cancelling refresh attempt: org.springframework.beans.factory.BeanCreationException: Error creating bean with name 'scheduledTasks' defined in file [G:\Projects\Projekt_Zespolowy_2020\Backend\target\classes\com\pz\ankietBud\configuration\ScheduledTasks.class]: Initialization of bean failed; nested exception is java.lang.IllegalStateException: Encountered invalid @Scheduled method 'scheduleFixedRateTaskAsync': Cron expression must consist of 6 fields (found 4 in "25 16 7 ?")
2021-01-07 16:22:30.582  INFO 4912 --- [main] j.LocalContainerEntityManagerFactoryBean : Closing JPA EntityManagerFactory for persistence unit 'default'
2021-01-07 16:22:30.636  INFO 4912 --- [task-1] org.hibernate.Version                    : HHH000412: Hibernate ORM core version 5.4.22.Final
2021-01-07 16:22:30.850  INFO 4912 --- [task-1] o.hibernate.annotations.common.Version   : HCANN000001: Hibernate Commons Annotations {5.1.0.Final}
2021-01-07 16:22:30.991  INFO 4912 --- [task-1] org.hibernate.dialect.Dialect            : HHH000400: Using dialect: org.hibernate.dialect.PostgreSQLDialect
2021-01-07 16:22:31.320  WARN 4912 --- [task-1] org.hibernate.cfg.AnnotationBinder       : HHH000457: Joined inheritance hierarchy [com.pz.ankietBud.model.Question] defined explicit @DiscriminatorColumn.  Legacy Hibernate behavior was to ignore the @DiscriminatorColumn.  However, as part of issue HHH-6911 we now apply the explicit @DiscriminatorColumn.  If you would prefer the legacy behavior, enable the `hibernate.discriminator.ignore_explicit_for_joined` setting (hibernate.discriminator.ignore_explicit_for_joined=true)
2021-01-07 16:22:32.150  INFO 4912 --- [task-1] o.h.e.t.j.p.i.JtaPlatformInitiator       : HHH000490: Using JtaPlatform implementation: [org.hibernate.engine.transaction.jta.platform.internal.NoJtaPlatform]
2021-01-07 16:22:32.156  INFO 4912 --- [task-1] j.LocalContainerEntityManagerFactoryBean : Initialized JPA EntityManagerFactory for persistence unit 'default'
2021-01-07 16:22:32.166  INFO 4912 --- [main] o.s.s.c.ThreadPoolTaskScheduler          : Shutting down ExecutorService 'taskScheduler'
2021-01-07 16:22:32.167  INFO 4912 --- [main] o.s.s.concurrent.ThreadPoolTaskExecutor  : Shutting down ExecutorService 'applicationTaskExecutor'
2021-01-07 16:22:32.167  INFO 4912 --- [main] com.zaxxer.hikari.HikariDataSource       : HikariPool-1 - Shutdown initiated...
2021-01-07 16:22:32.172  INFO 4912 --- [main] com.zaxxer.hikari.HikariDataSource       : HikariPool-1 - Shutdown completed.
2021-01-07 16:22:32.173  INFO 4912 --- [main] o.apache.catalina.core.StandardService   : Stopping service [Tomcat]
2021-01-07 16:22:32.181  INFO 4912 --- [main] ConditionEvaluationReportLoggingListener : 

Error starting ApplicationContext. To display the conditions report re-run your application with 'debug' enabled.
2021-01-07 16:22:32.202 ERROR 4912 --- [main] o.s.boot.SpringApplication               : Application run failed

org.springframework.beans.factory.BeanCreationException: Error creating bean with name 'scheduledTasks' defined in file [G:\Projects\Projekt_Zespolowy_2020\Backend\target\classes\com\pz\ankietBud\configuration\ScheduledTasks.class]: Initialization of bean failed; nested exception is java.lang.IllegalStateException: Encountered invalid @Scheduled method 'scheduleFixedRateTaskAsync': Cron expression must consist of 6 fields (found 4 in "25 16 7 ?")
	at org.springframework.beans.factory.support.AbstractAutowireCapableBeanFactory.doCreateBean(AbstractAutowireCapableBeanFactory.java:602) ~[spring-beans-5.2.10.RELEASE.jar:5.2.10.RELEASE]
	at org.springframework.beans.factory.support.AbstractAutowireCapableBeanFactory.createBean(AbstractAutowireCapableBeanFactory.java:516) ~[spring-beans-5.2.10.RELEASE.jar:5.2.10.RELEASE]
	at org.springframework.beans.factory.support.AbstractBeanFactory.lambda$doGetBean$0(AbstractBeanFactory.java:324) ~[spring-beans-5.2.10.RELEASE.jar:5.2.10.RELEASE]
	at org.springframework.beans.factory.support.DefaultSingletonBeanRegistry.getSingleton(DefaultSingletonBeanRegistry.java:234) ~[spring-beans-5.2.10.RELEASE.jar:5.2.10.RELEASE]
	at org.springframework.beans.factory.support.AbstractBeanFactory.doGetBean(AbstractBeanFactory.java:322) ~[spring-beans-5.2.10.RELEASE.jar:5.2.10.RELEASE]
	at org.springframework.beans.factory.support.AbstractBeanFactory.getBean(AbstractBeanFactory.java:202) ~[spring-beans-5.2.10.RELEASE.jar:5.2.10.RELEASE]
	at org.springframework.beans.factory.support.DefaultListableBeanFactory.preInstantiateSingletons(DefaultListableBeanFactory.java:897) ~[spring-beans-5.2.10.RELEASE.jar:5.2.10.RELEASE]
	at org.springframework.context.support.AbstractApplicationContext.finishBeanFactoryInitialization(AbstractApplicationContext.java:879) ~[spring-context-5.2.10.RELEASE.jar:5.2.10.RELEASE]
	at org.springframework.context.support.AbstractApplicationContext.refresh(AbstractApplicationContext.java:551) ~[spring-context-5.2.10.RELEASE.jar:5.2.10.RELEASE]
	at org.springframework.boot.web.servlet.context.ServletWebServerApplicationContext.refresh(ServletWebServerApplicationContext.java:143) ~[spring-boot-2.3.5.RELEASE.jar:2.3.5.RELEASE]
	at org.springframework.boot.SpringApplication.refresh(SpringApplication.java:758) ~[spring-boot-2.3.5.RELEASE.jar:2.3.5.RELEASE]
	at org.springframework.boot.SpringApplication.refresh(SpringApplication.java:750) ~[spring-boot-2.3.5.RELEASE.jar:2.3.5.RELEASE]
	at org.springframework.boot.SpringApplication.refreshContext(SpringApplication.java:405) ~[spring-boot-2.3.5.RELEASE.jar:2.3.5.RELEASE]
	at org.springframework.boot.SpringApplication.run(SpringApplication.java:315) ~[spring-boot-2.3.5.RELEASE.jar:2.3.5.RELEASE]
	at org.springframework.boot.SpringApplication.run(SpringApplication.java:1237) ~[spring-boot-2.3.5.RELEASE.jar:2.3.5.RELEASE]
	at org.springframework.boot.SpringApplication.run(SpringApplication.java:1226) ~[spring-boot-2.3.5.RELEASE.jar:2.3.5.RELEASE]
	at com.pz.ankietBud.AnkietBudApplication.main(AnkietBudApplication.java:10) ~[classes/:na]
Caused by: java.lang.IllegalStateException: Encountered invalid @Scheduled method 'scheduleFixedRateTaskAsync': Cron expression must consist of 6 fields (found 4 in "25 16 7 ?")
	at org.springframework.scheduling.annotation.ScheduledAnnotationBeanPostProcessor.processScheduled(ScheduledAnnotationBeanPostProcessor.java:511) ~[spring-context-5.2.10.RELEASE.jar:5.2.10.RELEASE]
	at org.springframework.scheduling.annotation.ScheduledAnnotationBeanPostProcessor.lambda$null$1(ScheduledAnnotationBeanPostProcessor.java:374) ~[spring-context-5.2.10.RELEASE.jar:5.2.10.RELEASE]
	at java.base/java.lang.Iterable.forEach(Iterable.java:75) ~[na:na]
	at org.springframework.scheduling.annotation.ScheduledAnnotationBeanPostProcessor.lambda$postProcessAfterInitialization$2(ScheduledAnnotationBeanPostProcessor.java:374) ~[spring-context-5.2.10.RELEASE.jar:5.2.10.RELEASE]
	at java.base/java.util.LinkedHashMap.forEach(LinkedHashMap.java:684) ~[na:na]
	at org.springframework.scheduling.annotation.ScheduledAnnotationBeanPostProcessor.postProcessAfterInitialization(ScheduledAnnotationBeanPostProcessor.java:373) ~[spring-context-5.2.10.RELEASE.jar:5.2.10.RELEASE]
	at org.springframework.beans.factory.support.AbstractAutowireCapableBeanFactory.applyBeanPostProcessorsAfterInitialization(AbstractAutowireCapableBeanFactory.java:430) ~[spring-beans-5.2.10.RELEASE.jar:5.2.10.RELEASE]
	at org.springframework.beans.factory.support.AbstractAutowireCapableBeanFactory.initializeBean(AbstractAutowireCapableBeanFactory.java:1798) ~[spring-beans-5.2.10.RELEASE.jar:5.2.10.RELEASE]
	at org.springframework.beans.factory.support.AbstractAutowireCapableBeanFactory.doCreateBean(AbstractAutowireCapableBeanFactory.java:594) ~[spring-beans-5.2.10.RELEASE.jar:5.2.10.RELEASE]
	... 16 common frames omitted

2021-01-07 16:23:38.965  INFO 1452 --- [main] com.pz.ankietBud.AnkietBudApplication    : Starting AnkietBudApplication on DESKTOP-BUJI81K with PID 1452 (G:\Projects\Projekt_Zespolowy_2020\Backend\target\classes started by Mateusz-PC in G:\Projects\Projekt_Zespolowy_2020\Backend)
2021-01-07 16:23:38.976  INFO 1452 --- [main] com.pz.ankietBud.AnkietBudApplication    : No active profile set, falling back to default profiles: default
2021-01-07 16:23:40.086  INFO 1452 --- [main] .s.d.r.c.RepositoryConfigurationDelegate : Bootstrapping Spring Data JPA repositories in DEFERRED mode.
2021-01-07 16:23:40.216  INFO 1452 --- [main] .s.d.r.c.RepositoryConfigurationDelegate : Finished Spring Data repository scanning in 112ms. Found 10 JPA repository interfaces.
2021-01-07 16:23:40.978  INFO 1452 --- [main] o.s.b.w.embedded.tomcat.TomcatWebServer  : Tomcat initialized with port(s): 8080 (http)
2021-01-07 16:23:40.988  INFO 1452 --- [main] o.apache.catalina.core.StandardService   : Starting service [Tomcat]
2021-01-07 16:23:40.988  INFO 1452 --- [main] org.apache.catalina.core.StandardEngine  : Starting Servlet engine: [Apache Tomcat/9.0.39]
2021-01-07 16:23:41.070  INFO 1452 --- [main] o.a.c.c.C.[Tomcat].[localhost].[/]       : Initializing Spring embedded WebApplicationContext
2021-01-07 16:23:41.070  INFO 1452 --- [main] w.s.c.ServletWebServerApplicationContext : Root WebApplicationContext: initialization completed in 2035 ms
2021-01-07 16:23:41.151  INFO 1452 --- [main] com.zaxxer.hikari.HikariDataSource       : HikariPool-1 - Starting...
2021-01-07 16:23:41.360  INFO 1452 --- [main] com.zaxxer.hikari.HikariDataSource       : HikariPool-1 - Start completed.
2021-01-07 16:23:41.490  INFO 1452 --- [main] o.s.s.concurrent.ThreadPoolTaskExecutor  : Initializing ExecutorService 'applicationTaskExecutor'
2021-01-07 16:23:41.502  INFO 1452 --- [main] o.s.s.c.ThreadPoolTaskScheduler          : Initializing ExecutorService 'taskScheduler'
2021-01-07 16:23:41.590  INFO 1452 --- [task-1] o.hibernate.jpa.internal.util.LogHelper  : HHH000204: Processing PersistenceUnitInfo [name: default]
2021-01-07 16:23:41.597  WARN 1452 --- [main] ConfigServletWebServerApplicationContext : Exception encountered during context initialization - cancelling refresh attempt: org.springframework.beans.factory.BeanCreationException: Error creating bean with name 'scheduledTasks' defined in file [G:\Projects\Projekt_Zespolowy_2020\Backend\target\classes\com\pz\ankietBud\configuration\ScheduledTasks.class]: Initialization of bean failed; nested exception is java.lang.IllegalStateException: Encountered invalid @Scheduled method 'scheduleFixedRateTaskAsync': Cron expression must consist of 6 fields (found 5 in "25 16 7 * ?")
2021-01-07 16:23:41.597  INFO 1452 --- [main] j.LocalContainerEntityManagerFactoryBean : Closing JPA EntityManagerFactory for persistence unit 'default'
2021-01-07 16:23:41.675  INFO 1452 --- [task-1] org.hibernate.Version                    : HHH000412: Hibernate ORM core version 5.4.22.Final
2021-01-07 16:23:41.823  INFO 1452 --- [task-1] o.hibernate.annotations.common.Version   : HCANN000001: Hibernate Commons Annotations {5.1.0.Final}
2021-01-07 16:23:41.947  INFO 1452 --- [task-1] org.hibernate.dialect.Dialect            : HHH000400: Using dialect: org.hibernate.dialect.PostgreSQLDialect
2021-01-07 16:23:42.285  WARN 1452 --- [task-1] org.hibernate.cfg.AnnotationBinder       : HHH000457: Joined inheritance hierarchy [com.pz.ankietBud.model.Question] defined explicit @DiscriminatorColumn.  Legacy Hibernate behavior was to ignore the @DiscriminatorColumn.  However, as part of issue HHH-6911 we now apply the explicit @DiscriminatorColumn.  If you would prefer the legacy behavior, enable the `hibernate.discriminator.ignore_explicit_for_joined` setting (hibernate.discriminator.ignore_explicit_for_joined=true)
2021-01-07 16:23:43.107  INFO 1452 --- [task-1] o.h.e.t.j.p.i.JtaPlatformInitiator       : HHH000490: Using JtaPlatform implementation: [org.hibernate.engine.transaction.jta.platform.internal.NoJtaPlatform]
2021-01-07 16:23:43.113  INFO 1452 --- [task-1] j.LocalContainerEntityManagerFactoryBean : Initialized JPA EntityManagerFactory for persistence unit 'default'
2021-01-07 16:23:43.117  INFO 1452 --- [main] o.s.s.c.ThreadPoolTaskScheduler          : Shutting down ExecutorService 'taskScheduler'
2021-01-07 16:23:43.118  INFO 1452 --- [main] o.s.s.concurrent.ThreadPoolTaskExecutor  : Shutting down ExecutorService 'applicationTaskExecutor'
2021-01-07 16:23:43.118  INFO 1452 --- [main] com.zaxxer.hikari.HikariDataSource       : HikariPool-1 - Shutdown initiated...
2021-01-07 16:23:43.124  INFO 1452 --- [main] com.zaxxer.hikari.HikariDataSource       : HikariPool-1 - Shutdown completed.
2021-01-07 16:23:43.125  INFO 1452 --- [main] o.apache.catalina.core.StandardService   : Stopping service [Tomcat]
2021-01-07 16:23:43.135  INFO 1452 --- [main] ConditionEvaluationReportLoggingListener : 

Error starting ApplicationContext. To display the conditions report re-run your application with 'debug' enabled.
2021-01-07 16:23:43.139 ERROR 1452 --- [main] o.s.boot.SpringApplication               : Application run failed

org.springframework.beans.factory.BeanCreationException: Error creating bean with name 'scheduledTasks' defined in file [G:\Projects\Projekt_Zespolowy_2020\Backend\target\classes\com\pz\ankietBud\configuration\ScheduledTasks.class]: Initialization of bean failed; nested exception is java.lang.IllegalStateException: Encountered invalid @Scheduled method 'scheduleFixedRateTaskAsync': Cron expression must consist of 6 fields (found 5 in "25 16 7 * ?")
	at org.springframework.beans.factory.support.AbstractAutowireCapableBeanFactory.doCreateBean(AbstractAutowireCapableBeanFactory.java:602) ~[spring-beans-5.2.10.RELEASE.jar:5.2.10.RELEASE]
	at org.springframework.beans.factory.support.AbstractAutowireCapableBeanFactory.createBean(AbstractAutowireCapableBeanFactory.java:516) ~[spring-beans-5.2.10.RELEASE.jar:5.2.10.RELEASE]
	at org.springframework.beans.factory.support.AbstractBeanFactory.lambda$doGetBean$0(AbstractBeanFactory.java:324) ~[spring-beans-5.2.10.RELEASE.jar:5.2.10.RELEASE]
	at org.springframework.beans.factory.support.DefaultSingletonBeanRegistry.getSingleton(DefaultSingletonBeanRegistry.java:234) ~[spring-beans-5.2.10.RELEASE.jar:5.2.10.RELEASE]
	at org.springframework.beans.factory.support.AbstractBeanFactory.doGetBean(AbstractBeanFactory.java:322) ~[spring-beans-5.2.10.RELEASE.jar:5.2.10.RELEASE]
	at org.springframework.beans.factory.support.AbstractBeanFactory.getBean(AbstractBeanFactory.java:202) ~[spring-beans-5.2.10.RELEASE.jar:5.2.10.RELEASE]
	at org.springframework.beans.factory.support.DefaultListableBeanFactory.preInstantiateSingletons(DefaultListableBeanFactory.java:897) ~[spring-beans-5.2.10.RELEASE.jar:5.2.10.RELEASE]
	at org.springframework.context.support.AbstractApplicationContext.finishBeanFactoryInitialization(AbstractApplicationContext.java:879) ~[spring-context-5.2.10.RELEASE.jar:5.2.10.RELEASE]
	at org.springframework.context.support.AbstractApplicationContext.refresh(AbstractApplicationContext.java:551) ~[spring-context-5.2.10.RELEASE.jar:5.2.10.RELEASE]
	at org.springframework.boot.web.servlet.context.ServletWebServerApplicationContext.refresh(ServletWebServerApplicationContext.java:143) ~[spring-boot-2.3.5.RELEASE.jar:2.3.5.RELEASE]
	at org.springframework.boot.SpringApplication.refresh(SpringApplication.java:758) ~[spring-boot-2.3.5.RELEASE.jar:2.3.5.RELEASE]
	at org.springframework.boot.SpringApplication.refresh(SpringApplication.java:750) ~[spring-boot-2.3.5.RELEASE.jar:2.3.5.RELEASE]
	at org.springframework.boot.SpringApplication.refreshContext(SpringApplication.java:405) ~[spring-boot-2.3.5.RELEASE.jar:2.3.5.RELEASE]
	at org.springframework.boot.SpringApplication.run(SpringApplication.java:315) ~[spring-boot-2.3.5.RELEASE.jar:2.3.5.RELEASE]
	at org.springframework.boot.SpringApplication.run(SpringApplication.java:1237) ~[spring-boot-2.3.5.RELEASE.jar:2.3.5.RELEASE]
	at org.springframework.boot.SpringApplication.run(SpringApplication.java:1226) ~[spring-boot-2.3.5.RELEASE.jar:2.3.5.RELEASE]
	at com.pz.ankietBud.AnkietBudApplication.main(AnkietBudApplication.java:10) ~[classes/:na]
Caused by: java.lang.IllegalStateException: Encountered invalid @Scheduled method 'scheduleFixedRateTaskAsync': Cron expression must consist of 6 fields (found 5 in "25 16 7 * ?")
	at org.springframework.scheduling.annotation.ScheduledAnnotationBeanPostProcessor.processScheduled(ScheduledAnnotationBeanPostProcessor.java:511) ~[spring-context-5.2.10.RELEASE.jar:5.2.10.RELEASE]
	at org.springframework.scheduling.annotation.ScheduledAnnotationBeanPostProcessor.lambda$null$1(ScheduledAnnotationBeanPostProcessor.java:374) ~[spring-context-5.2.10.RELEASE.jar:5.2.10.RELEASE]
	at java.base/java.lang.Iterable.forEach(Iterable.java:75) ~[na:na]
	at org.springframework.scheduling.annotation.ScheduledAnnotationBeanPostProcessor.lambda$postProcessAfterInitialization$2(ScheduledAnnotationBeanPostProcessor.java:374) ~[spring-context-5.2.10.RELEASE.jar:5.2.10.RELEASE]
	at java.base/java.util.LinkedHashMap.forEach(LinkedHashMap.java:684) ~[na:na]
	at org.springframework.scheduling.annotation.ScheduledAnnotationBeanPostProcessor.postProcessAfterInitialization(ScheduledAnnotationBeanPostProcessor.java:373) ~[spring-context-5.2.10.RELEASE.jar:5.2.10.RELEASE]
	at org.springframework.beans.factory.support.AbstractAutowireCapableBeanFactory.applyBeanPostProcessorsAfterInitialization(AbstractAutowireCapableBeanFactory.java:430) ~[spring-beans-5.2.10.RELEASE.jar:5.2.10.RELEASE]
	at org.springframework.beans.factory.support.AbstractAutowireCapableBeanFactory.initializeBean(AbstractAutowireCapableBeanFactory.java:1798) ~[spring-beans-5.2.10.RELEASE.jar:5.2.10.RELEASE]
	at org.springframework.beans.factory.support.AbstractAutowireCapableBeanFactory.doCreateBean(AbstractAutowireCapableBeanFactory.java:594) ~[spring-beans-5.2.10.RELEASE.jar:5.2.10.RELEASE]
	... 16 common frames omitted

2021-01-07 16:27:27.685  INFO 1008 --- [main] com.pz.ankietBud.AnkietBudApplication    : Starting AnkietBudApplication on DESKTOP-BUJI81K with PID 1008 (G:\Projects\Projekt_Zespolowy_2020\Backend\target\classes started by Mateusz-PC in G:\Projects\Projekt_Zespolowy_2020\Backend)
2021-01-07 16:27:27.687  INFO 1008 --- [main] com.pz.ankietBud.AnkietBudApplication    : No active profile set, falling back to default profiles: default
2021-01-07 16:27:28.778  INFO 1008 --- [main] .s.d.r.c.RepositoryConfigurationDelegate : Bootstrapping Spring Data JPA repositories in DEFERRED mode.
2021-01-07 16:27:28.925  INFO 1008 --- [main] .s.d.r.c.RepositoryConfigurationDelegate : Finished Spring Data repository scanning in 139ms. Found 10 JPA repository interfaces.
2021-01-07 16:27:29.713  INFO 1008 --- [main] o.s.b.w.embedded.tomcat.TomcatWebServer  : Tomcat initialized with port(s): 8080 (http)
2021-01-07 16:27:29.722  INFO 1008 --- [main] o.apache.catalina.core.StandardService   : Starting service [Tomcat]
2021-01-07 16:27:29.723  INFO 1008 --- [main] org.apache.catalina.core.StandardEngine  : Starting Servlet engine: [Apache Tomcat/9.0.39]
2021-01-07 16:27:29.808  INFO 1008 --- [main] o.a.c.c.C.[Tomcat].[localhost].[/]       : Initializing Spring embedded WebApplicationContext
2021-01-07 16:27:29.808  INFO 1008 --- [main] w.s.c.ServletWebServerApplicationContext : Root WebApplicationContext: initialization completed in 2054 ms
2021-01-07 16:27:29.890  INFO 1008 --- [main] com.zaxxer.hikari.HikariDataSource       : HikariPool-1 - Starting...
2021-01-07 16:27:30.058  INFO 1008 --- [main] com.zaxxer.hikari.HikariDataSource       : HikariPool-1 - Start completed.
2021-01-07 16:27:30.149  INFO 1008 --- [main] o.s.s.concurrent.ThreadPoolTaskExecutor  : Initializing ExecutorService 'applicationTaskExecutor'
2021-01-07 16:27:30.158  INFO 1008 --- [main] o.s.s.c.ThreadPoolTaskScheduler          : Initializing ExecutorService 'taskScheduler'
2021-01-07 16:27:30.241  INFO 1008 --- [task-1] o.hibernate.jpa.internal.util.LogHelper  : HHH000204: Processing PersistenceUnitInfo [name: default]
2021-01-07 16:27:30.308  INFO 1008 --- [task-1] org.hibernate.Version                    : HHH000412: Hibernate ORM core version 5.4.22.Final
2021-01-07 16:27:30.491  INFO 1008 --- [task-1] o.hibernate.annotations.common.Version   : HCANN000001: Hibernate Commons Annotations {5.1.0.Final}
2021-01-07 16:27:30.568  WARN 1008 --- [main] JpaBaseConfiguration$JpaWebConfiguration : spring.jpa.open-in-view is enabled by default. Therefore, database queries may be performed during view rendering. Explicitly configure spring.jpa.open-in-view to disable this warning
2021-01-07 16:27:30.668  INFO 1008 --- [task-1] org.hibernate.dialect.Dialect            : HHH000400: Using dialect: org.hibernate.dialect.PostgreSQLDialect
2021-01-07 16:27:31.144  INFO 1008 --- [main] o.s.b.w.embedded.tomcat.TomcatWebServer  : Tomcat started on port(s): 8080 (http) with context path ''
2021-01-07 16:27:31.241  WARN 1008 --- [task-1] org.hibernate.cfg.AnnotationBinder       : HHH000457: Joined inheritance hierarchy [com.pz.ankietBud.model.Question] defined explicit @DiscriminatorColumn.  Legacy Hibernate behavior was to ignore the @DiscriminatorColumn.  However, as part of issue HHH-6911 we now apply the explicit @DiscriminatorColumn.  If you would prefer the legacy behavior, enable the `hibernate.discriminator.ignore_explicit_for_joined` setting (hibernate.discriminator.ignore_explicit_for_joined=true)
2021-01-07 16:27:31.769  INFO 1008 --- [main] DeferredRepositoryInitializationListener : Triggering deferred initialization of Spring Data repositories…
2021-01-07 16:27:32.367  INFO 1008 --- [task-1] o.h.e.t.j.p.i.JtaPlatformInitiator       : HHH000490: Using JtaPlatform implementation: [org.hibernate.engine.transaction.jta.platform.internal.NoJtaPlatform]
2021-01-07 16:27:32.374  INFO 1008 --- [task-1] j.LocalContainerEntityManagerFactoryBean : Initialized JPA EntityManagerFactory for persistence unit 'default'
2021-01-07 16:27:32.692  INFO 1008 --- [main] DeferredRepositoryInitializationListener : Spring Data repositories initialized!
2021-01-07 16:27:32.693  INFO 1008 --- [main] com.pz.ankietBud.configuration.OnStart   : |   /------------------------------------------------------------------------------------
2021-01-07 16:27:32.693  INFO 1008 --- [main] com.pz.ankietBud.configuration.OnStart   : |  /
2021-01-07 16:27:32.693  INFO 1008 --- [main] com.pz.ankietBud.configuration.OnStart   : | /
2021-01-07 16:27:32.693  INFO 1008 --- [main] com.pz.ankietBud.configuration.OnStart   : |/
2021-01-07 16:27:32.693  INFO 1008 --- [main] com.pz.ankietBud.configuration.OnStart   : Server has started
2021-01-07 16:27:32.703  INFO 1008 --- [main] com.pz.ankietBud.AnkietBudApplication    : Started AnkietBudApplication in 5.578 seconds (JVM running for 6.195)
2021-01-07 16:42:52.706  INFO 8524 --- [main] com.pz.ankietBud.AnkietBudApplication    : Starting AnkietBudApplication on DESKTOP-BUJI81K with PID 8524 (G:\Projects\Projekt_Zespolowy_2020\Backend\target\classes started by Mateusz-PC in G:\Projects\Projekt_Zespolowy_2020\Backend)
2021-01-07 16:42:52.709  INFO 8524 --- [main] com.pz.ankietBud.AnkietBudApplication    : No active profile set, falling back to default profiles: default
2021-01-07 16:42:54.002  INFO 8524 --- [main] .s.d.r.c.RepositoryConfigurationDelegate : Bootstrapping Spring Data JPA repositories in DEFERRED mode.
2021-01-07 16:42:54.144  INFO 8524 --- [main] .s.d.r.c.RepositoryConfigurationDelegate : Finished Spring Data repository scanning in 133ms. Found 10 JPA repository interfaces.
2021-01-07 16:42:55.000  INFO 8524 --- [main] o.s.b.w.embedded.tomcat.TomcatWebServer  : Tomcat initialized with port(s): 8080 (http)
2021-01-07 16:42:55.014  INFO 8524 --- [main] o.apache.catalina.core.StandardService   : Starting service [Tomcat]
2021-01-07 16:42:55.015  INFO 8524 --- [main] org.apache.catalina.core.StandardEngine  : Starting Servlet engine: [Apache Tomcat/9.0.39]
2021-01-07 16:42:55.127  INFO 8524 --- [main] o.a.c.c.C.[Tomcat].[localhost].[/]       : Initializing Spring embedded WebApplicationContext
2021-01-07 16:42:55.127  INFO 8524 --- [main] w.s.c.ServletWebServerApplicationContext : Root WebApplicationContext: initialization completed in 2363 ms
2021-01-07 16:42:55.236  INFO 8524 --- [main] com.zaxxer.hikari.HikariDataSource       : HikariPool-1 - Starting...
2021-01-07 16:42:55.441  INFO 8524 --- [main] com.zaxxer.hikari.HikariDataSource       : HikariPool-1 - Start completed.
2021-01-07 16:42:55.551  INFO 8524 --- [main] o.s.s.concurrent.ThreadPoolTaskExecutor  : Initializing ExecutorService 'applicationTaskExecutor'
2021-01-07 16:42:55.563  INFO 8524 --- [main] o.s.s.c.ThreadPoolTaskScheduler          : Initializing ExecutorService 'taskScheduler'
2021-01-07 16:42:55.620  INFO 8524 --- [task-1] o.hibernate.jpa.internal.util.LogHelper  : HHH000204: Processing PersistenceUnitInfo [name: default]
2021-01-07 16:42:55.693  INFO 8524 --- [task-1] org.hibernate.Version                    : HHH000412: Hibernate ORM core version 5.4.22.Final
2021-01-07 16:42:55.953  INFO 8524 --- [task-1] o.hibernate.annotations.common.Version   : HCANN000001: Hibernate Commons Annotations {5.1.0.Final}
2021-01-07 16:42:56.054  WARN 8524 --- [main] JpaBaseConfiguration$JpaWebConfiguration : spring.jpa.open-in-view is enabled by default. Therefore, database queries may be performed during view rendering. Explicitly configure spring.jpa.open-in-view to disable this warning
2021-01-07 16:42:56.148  INFO 8524 --- [task-1] org.hibernate.dialect.Dialect            : HHH000400: Using dialect: org.hibernate.dialect.PostgreSQLDialect
2021-01-07 16:42:57.047  INFO 8524 --- [main] o.s.b.w.embedded.tomcat.TomcatWebServer  : Tomcat started on port(s): 8080 (http) with context path ''
2021-01-07 16:42:57.174  WARN 8524 --- [task-1] org.hibernate.cfg.AnnotationBinder       : HHH000457: Joined inheritance hierarchy [com.pz.ankietBud.model.Question] defined explicit @DiscriminatorColumn.  Legacy Hibernate behavior was to ignore the @DiscriminatorColumn.  However, as part of issue HHH-6911 we now apply the explicit @DiscriminatorColumn.  If you would prefer the legacy behavior, enable the `hibernate.discriminator.ignore_explicit_for_joined` setting (hibernate.discriminator.ignore_explicit_for_joined=true)
2021-01-07 16:42:57.782  INFO 8524 --- [main] DeferredRepositoryInitializationListener : Triggering deferred initialization of Spring Data repositories…
2021-01-07 16:42:58.390  INFO 8524 --- [task-1] o.h.e.t.j.p.i.JtaPlatformInitiator       : HHH000490: Using JtaPlatform implementation: [org.hibernate.engine.transaction.jta.platform.internal.NoJtaPlatform]
2021-01-07 16:42:58.396  INFO 8524 --- [task-1] j.LocalContainerEntityManagerFactoryBean : Initialized JPA EntityManagerFactory for persistence unit 'default'
2021-01-07 16:42:58.728  INFO 8524 --- [main] DeferredRepositoryInitializationListener : Spring Data repositories initialized!
2021-01-07 16:42:58.728  INFO 8524 --- [main] com.pz.ankietBud.configuration.OnStart   : |   /------------------------------------------------------------------------------------
2021-01-07 16:42:58.728  INFO 8524 --- [main] com.pz.ankietBud.configuration.OnStart   : |  /
2021-01-07 16:42:58.728  INFO 8524 --- [main] com.pz.ankietBud.configuration.OnStart   : | /
2021-01-07 16:42:58.729  INFO 8524 --- [main] com.pz.ankietBud.configuration.OnStart   : |/
2021-01-07 16:42:58.729  INFO 8524 --- [main] com.pz.ankietBud.configuration.OnStart   : Server has started
2021-01-07 16:42:58.758  INFO 8524 --- [main] com.pz.ankietBud.AnkietBudApplication    : Started AnkietBudApplication in 6.547 seconds (JVM running for 7.293)
2021-01-07 16:43:33.288  INFO 8524 --- [http-nio-8080-exec-10] o.a.c.c.C.[Tomcat].[localhost].[/]       : Initializing Spring DispatcherServlet 'dispatcherServlet'
2021-01-07 16:43:33.289  INFO 8524 --- [http-nio-8080-exec-10] o.s.web.servlet.DispatcherServlet        : Initializing Servlet 'dispatcherServlet'
2021-01-07 16:43:33.299  INFO 8524 --- [http-nio-8080-exec-10] o.s.web.servlet.DispatcherServlet        : Completed initialization in 10 ms
2021-01-07 16:43:33.547  INFO 8524 --- [http-nio-8080-exec-10] c.p.a.c.SurveyServiceController          : {"id":12,"name":"SurveyService","description":"SurveyService","status":"open","creationDate":"2012-01-01T11:23:33","endDate":"2021-01-07T16:45:00"}
2021-01-07 16:43:33.737  INFO 8524 --- [http-nio-8080-exec-10] c.p.a.c.SurveyServiceController          : {"id":2,"identifier":"0:0:0:0:0:0:0:1:21:PostmanRuntime/7.26.8"}
2021-01-07 16:43:33.771  INFO 8524 --- [http-nio-8080-exec-10] c.p.a.c.SurveyServiceController          : -Scale: {"id":13,"content":"Scale_SurveyService","votes":[1,1,1,1,1,1,1,1,1,1],"sum":10,"anchor_left":"L","anchor_right":"R","anchor_central":"C","value_min":1,"value_max":10}
2021-01-07 16:43:33.778  INFO 8524 --- [http-nio-8080-exec-10] c.p.a.c.SurveyServiceController          : -Slider: {"id":14,"content":"Slider_SurveyService","votes":[1,1],"sum":2,"value_min":55,"value_max":110,"interval":55}
2021-01-07 16:43:33.782  INFO 8524 --- [http-nio-8080-exec-10] c.p.a.c.SurveyServiceController          : -Slider: {"id":15,"content":"Slider2_SurveyService","votes":[0,0,0],"sum":0,"value_min":30,"value_max":0,"interval":10}
2021-01-07 16:43:33.797  INFO 8524 --- [http-nio-8080-exec-10] c.p.a.c.SurveyServiceController          : {"survey":{"id":12,"name":"SurveyService","description":"SurveyService","status":"open","creationDate":"2012-01-01T11:23:33","endDate":"2021-01-07T16:45:00"},"guest":{"id":2,"identifier":"0:0:0:0:0:0:0:1:21:PostmanRuntime/7.26.8"},"choices":[],"ratings":[],"scales":[{"id":13,"content":"Scale_SurveyService","votes":[1,1,1,1,1,1,1,1,1,1],"sum":10,"anchor_left":"L","anchor_right":"R","anchor_central":"C","value_min":1,"value_max":10}],"sliders":[{"id":14,"content":"Slider_SurveyService","votes":[1,1],"sum":2,"value_min":55,"value_max":110,"interval":55},{"id":15,"content":"Slider2_SurveyService","votes":[0,0,0],"sum":0,"value_min":30,"value_max":0,"interval":10}],"questions":{"Choice":0,"Slider":2,"Rating":0,"Scale":1}}
2021-01-07 16:43:42.514  INFO 8524 --- [http-nio-8080-exec-8] c.p.a.c.SurveyServiceController          : [{"id_survey":12,"id_question":13},{"id_survey":12,"id_question":14},{"id_survey":12,"id_question":15}]
2021-01-07 16:43:42.525  INFO 8524 --- [http-nio-8080-exec-8] c.p.a.c.SurveyServiceController          : {"survey":{"id":12,"name":"SurveyService","description":"SurveyService","status":"close","creationDate":"2012-01-01T11:23:33","endDate":"2021-01-07T16:45:00"},"guest":{"id":2,"identifier":"0:0:0:0:0:0:0:1:21:PostmanRuntime/7.26.8"},"choices":[],"ratings":[],"scales":[{"id":13,"content":"Scale_SurveyService","votes":[1,1,1,1,1,1,1,1,1,1],"sum":10,"anchor_left":"L","anchor_right":"R","anchor_central":"C","value_min":1,"value_max":10}],"sliders":[{"id":14,"content":"Slider_SurveyService","votes":[1,1],"sum":2,"value_min":55,"value_max":110,"interval":55},{"id":15,"content":"Slider2_SurveyService","votes":[0,0,0],"sum":0,"value_min":30,"value_max":0,"interval":10}],"questions":{"Choice":0,"Slider":2,"Rating":0,"Scale":1}}
2021-01-07 16:43:50.492  INFO 8524 --- [http-nio-8080-exec-7] c.p.a.c.SurveyServiceController          : [{"id_survey":12,"id_question":13},{"id_survey":12,"id_question":14},{"id_survey":12,"id_question":15}]
2021-01-07 16:43:50.499  INFO 8524 --- [http-nio-8080-exec-7] c.p.a.c.SurveyServiceController          : {"survey":{"id":12,"name":"SurveyService","description":"SurveyService","status":"close","creationDate":"2012-01-01T11:23:33","endDate":"2021-01-07T16:45:00"},"guest":{"id":2,"identifier":"0:0:0:0:0:0:0:1:21:PostmanRuntime/7.26.8"},"choices":[],"ratings":[],"scales":[{"id":13,"content":"Scale_SurveyService","votes":[1,1,1,1,1,1,1,1,1,1],"sum":10,"anchor_left":"L","anchor_right":"R","anchor_central":"C","value_min":1,"value_max":10}],"sliders":[{"id":14,"content":"Slider_SurveyService","votes":[1,1],"sum":2,"value_min":55,"value_max":110,"interval":55},{"id":15,"content":"Slider2_SurveyService","votes":[0,0,0],"sum":0,"value_min":30,"value_max":0,"interval":10}],"questions":{"Choice":0,"Slider":2,"Rating":0,"Scale":1}}
2021-01-07 16:44:22.698  INFO 8524 --- [http-nio-8080-exec-6] c.p.a.c.SurveyServiceController          : {"id":16,"name":"SurveyService","description":"SurveyService","status":"open","creationDate":"2012-01-01T11:23:33","endDate":"2021-01-07T16:50:00"}
2021-01-07 16:44:22.702  INFO 8524 --- [http-nio-8080-exec-6] c.p.a.c.SurveyServiceController          : {"id":2,"identifier":"0:0:0:0:0:0:0:1:21:PostmanRuntime/7.26.8"}
2021-01-07 16:44:22.705  INFO 8524 --- [http-nio-8080-exec-6] c.p.a.c.SurveyServiceController          : -Scale: {"id":17,"content":"Scale_SurveyService","votes":[1,1,1,1,1,1,1,1,1,1],"sum":10,"anchor_left":"L","anchor_right":"R","anchor_central":"C","value_min":1,"value_max":10}
2021-01-07 16:44:22.708  INFO 8524 --- [http-nio-8080-exec-6] c.p.a.c.SurveyServiceController          : -Slider: {"id":18,"content":"Slider_SurveyService","votes":[1,1],"sum":2,"value_min":55,"value_max":110,"interval":55}
2021-01-07 16:44:22.712  INFO 8524 --- [http-nio-8080-exec-6] c.p.a.c.SurveyServiceController          : -Slider: {"id":19,"content":"Slider2_SurveyService","votes":[0,0,0],"sum":0,"value_min":30,"value_max":0,"interval":10}
2021-01-07 16:44:22.717  INFO 8524 --- [http-nio-8080-exec-6] c.p.a.c.SurveyServiceController          : {"survey":{"id":16,"name":"SurveyService","description":"SurveyService","status":"open","creationDate":"2012-01-01T11:23:33","endDate":"2021-01-07T16:50:00"},"guest":{"id":2,"identifier":"0:0:0:0:0:0:0:1:21:PostmanRuntime/7.26.8"},"choices":[],"ratings":[],"scales":[{"id":17,"content":"Scale_SurveyService","votes":[1,1,1,1,1,1,1,1,1,1],"sum":10,"anchor_left":"L","anchor_right":"R","anchor_central":"C","value_min":1,"value_max":10}],"sliders":[{"id":18,"content":"Slider_SurveyService","votes":[1,1],"sum":2,"value_min":55,"value_max":110,"interval":55},{"id":19,"content":"Slider2_SurveyService","votes":[0,0,0],"sum":0,"value_min":30,"value_max":0,"interval":10}],"questions":{"Choice":0,"Slider":2,"Rating":0,"Scale":1}}
2021-01-07 16:47:24.882  INFO 9052 --- [main] com.pz.ankietBud.AnkietBudApplication    : Starting AnkietBudApplication on DESKTOP-BUJI81K with PID 9052 (G:\Projects\Projekt_Zespolowy_2020\Backend\target\classes started by Mateusz-PC in G:\Projects\Projekt_Zespolowy_2020\Backend)
2021-01-07 16:47:24.903  INFO 9052 --- [main] com.pz.ankietBud.AnkietBudApplication    : No active profile set, falling back to default profiles: default
2021-01-07 16:47:26.058  INFO 9052 --- [main] .s.d.r.c.RepositoryConfigurationDelegate : Bootstrapping Spring Data JPA repositories in DEFERRED mode.
2021-01-07 16:47:26.178  INFO 9052 --- [main] .s.d.r.c.RepositoryConfigurationDelegate : Finished Spring Data repository scanning in 111ms. Found 10 JPA repository interfaces.
2021-01-07 16:47:26.997  INFO 9052 --- [main] o.s.b.w.embedded.tomcat.TomcatWebServer  : Tomcat initialized with port(s): 8080 (http)
2021-01-07 16:47:27.007  INFO 9052 --- [main] o.apache.catalina.core.StandardService   : Starting service [Tomcat]
2021-01-07 16:47:27.008  INFO 9052 --- [main] org.apache.catalina.core.StandardEngine  : Starting Servlet engine: [Apache Tomcat/9.0.39]
2021-01-07 16:47:27.096  INFO 9052 --- [main] o.a.c.c.C.[Tomcat].[localhost].[/]       : Initializing Spring embedded WebApplicationContext
2021-01-07 16:47:27.096  INFO 9052 --- [main] w.s.c.ServletWebServerApplicationContext : Root WebApplicationContext: initialization completed in 2128 ms
2021-01-07 16:47:27.182  INFO 9052 --- [main] com.zaxxer.hikari.HikariDataSource       : HikariPool-1 - Starting...
2021-01-07 16:47:27.350  INFO 9052 --- [main] com.zaxxer.hikari.HikariDataSource       : HikariPool-1 - Start completed.
2021-01-07 16:47:27.440  INFO 9052 --- [main] o.s.s.concurrent.ThreadPoolTaskExecutor  : Initializing ExecutorService 'applicationTaskExecutor'
2021-01-07 16:47:27.450  INFO 9052 --- [main] o.s.s.c.ThreadPoolTaskScheduler          : Initializing ExecutorService 'taskScheduler'
2021-01-07 16:47:27.523  INFO 9052 --- [task-1] o.hibernate.jpa.internal.util.LogHelper  : HHH000204: Processing PersistenceUnitInfo [name: default]
2021-01-07 16:47:27.615  INFO 9052 --- [task-1] org.hibernate.Version                    : HHH000412: Hibernate ORM core version 5.4.22.Final
2021-01-07 16:47:27.800  INFO 9052 --- [task-1] o.hibernate.annotations.common.Version   : HCANN000001: Hibernate Commons Annotations {5.1.0.Final}
2021-01-07 16:47:28.042  WARN 9052 --- [main] JpaBaseConfiguration$JpaWebConfiguration : spring.jpa.open-in-view is enabled by default. Therefore, database queries may be performed during view rendering. Explicitly configure spring.jpa.open-in-view to disable this warning
2021-01-07 16:47:28.064  INFO 9052 --- [task-1] org.hibernate.dialect.Dialect            : HHH000400: Using dialect: org.hibernate.dialect.PostgreSQLDialect
2021-01-07 16:47:28.659  WARN 9052 --- [task-1] org.hibernate.cfg.AnnotationBinder       : HHH000457: Joined inheritance hierarchy [com.pz.ankietBud.model.Question] defined explicit @DiscriminatorColumn.  Legacy Hibernate behavior was to ignore the @DiscriminatorColumn.  However, as part of issue HHH-6911 we now apply the explicit @DiscriminatorColumn.  If you would prefer the legacy behavior, enable the `hibernate.discriminator.ignore_explicit_for_joined` setting (hibernate.discriminator.ignore_explicit_for_joined=true)
2021-01-07 16:47:28.757  INFO 9052 --- [main] o.s.b.w.embedded.tomcat.TomcatWebServer  : Tomcat started on port(s): 8080 (http) with context path ''
2021-01-07 16:47:29.421  INFO 9052 --- [main] DeferredRepositoryInitializationListener : Triggering deferred initialization of Spring Data repositories…
2021-01-07 16:47:29.905  INFO 9052 --- [task-1] o.h.e.t.j.p.i.JtaPlatformInitiator       : HHH000490: Using JtaPlatform implementation: [org.hibernate.engine.transaction.jta.platform.internal.NoJtaPlatform]
2021-01-07 16:47:29.911  INFO 9052 --- [task-1] j.LocalContainerEntityManagerFactoryBean : Initialized JPA EntityManagerFactory for persistence unit 'default'
2021-01-07 16:47:30.241  INFO 9052 --- [main] DeferredRepositoryInitializationListener : Spring Data repositories initialized!
2021-01-07 16:47:30.241  INFO 9052 --- [main] com.pz.ankietBud.configuration.OnStart   : |   /------------------------------------------------------------------------------------
2021-01-07 16:47:30.241  INFO 9052 --- [main] com.pz.ankietBud.configuration.OnStart   : |  /
2021-01-07 16:47:30.242  INFO 9052 --- [main] com.pz.ankietBud.configuration.OnStart   : | /
2021-01-07 16:47:30.242  INFO 9052 --- [main] com.pz.ankietBud.configuration.OnStart   : |/
2021-01-07 16:47:30.242  INFO 9052 --- [main] com.pz.ankietBud.configuration.OnStart   : Server has started
2021-01-07 16:47:30.251  INFO 9052 --- [main] com.pz.ankietBud.AnkietBudApplication    : Started AnkietBudApplication in 5.861 seconds (JVM running for 6.494)
2021-01-07 16:47:49.173  INFO 9052 --- [http-nio-8080-exec-1] o.a.c.c.C.[Tomcat].[localhost].[/]       : Initializing Spring DispatcherServlet 'dispatcherServlet'
2021-01-07 16:47:49.173  INFO 9052 --- [http-nio-8080-exec-1] o.s.web.servlet.DispatcherServlet        : Initializing Servlet 'dispatcherServlet'
2021-01-07 16:47:49.181  INFO 9052 --- [http-nio-8080-exec-1] o.s.web.servlet.DispatcherServlet        : Completed initialization in 8 ms
2021-01-07 16:47:49.351  INFO 9052 --- [http-nio-8080-exec-1] c.p.a.c.SurveyServiceController          : {"id":20,"name":"SurveyService","description":"SurveyService","status":"open","creationDate":"2012-01-01T11:23:33","endDate":"2021-01-07T16:50:00"}
2021-01-07 16:47:49.536  INFO 9052 --- [http-nio-8080-exec-1] c.p.a.c.SurveyServiceController          : {"id":2,"identifier":"0:0:0:0:0:0:0:1:21:PostmanRuntime/7.26.8"}
2021-01-07 16:47:49.559  INFO 9052 --- [http-nio-8080-exec-1] c.p.a.c.SurveyServiceController          : -Scale: {"id":21,"content":"Scale_SurveyService","votes":[1,1,1,1,1,1,1,1,1,1],"sum":10,"anchor_left":"L","anchor_right":"R","anchor_central":"C","value_min":1,"value_max":10}
2021-01-07 16:47:49.568  INFO 9052 --- [http-nio-8080-exec-1] c.p.a.c.SurveyServiceController          : -Slider: {"id":22,"content":"Slider_SurveyService","votes":[1,1],"sum":2,"value_min":55,"value_max":110,"interval":55}
2021-01-07 16:47:49.572  INFO 9052 --- [http-nio-8080-exec-1] c.p.a.c.SurveyServiceController          : -Slider: {"id":23,"content":"Slider2_SurveyService","votes":[0,0,0],"sum":0,"value_min":30,"value_max":0,"interval":10}
2021-01-07 16:47:49.587  INFO 9052 --- [http-nio-8080-exec-1] c.p.a.c.SurveyServiceController          : {"survey":{"id":20,"name":"SurveyService","description":"SurveyService","status":"open","creationDate":"2012-01-01T11:23:33","endDate":"2021-01-07T16:50:00"},"guest":{"id":2,"identifier":"0:0:0:0:0:0:0:1:21:PostmanRuntime/7.26.8"},"choices":[],"ratings":[],"scales":[{"id":21,"content":"Scale_SurveyService","votes":[1,1,1,1,1,1,1,1,1,1],"sum":10,"anchor_left":"L","anchor_right":"R","anchor_central":"C","value_min":1,"value_max":10}],"sliders":[{"id":22,"content":"Slider_SurveyService","votes":[1,1],"sum":2,"value_min":55,"value_max":110,"interval":55},{"id":23,"content":"Slider2_SurveyService","votes":[0,0,0],"sum":0,"value_min":30,"value_max":0,"interval":10}],"questions":{"Choice":0,"Slider":2,"Rating":0,"Scale":1}}
2021-01-07 16:47:53.638  INFO 9052 --- [http-nio-8080-exec-3] c.p.a.c.SurveyServiceController          : [{"id_survey":16,"id_question":17},{"id_survey":16,"id_question":18},{"id_survey":16,"id_question":19}]
2021-01-07 16:47:53.650  INFO 9052 --- [http-nio-8080-exec-3] c.p.a.c.SurveyServiceController          : {"survey":{"id":16,"name":"SurveyService","description":"SurveyService","status":"open","creationDate":"2012-01-01T11:23:33","endDate":"2021-01-07T16:50:00"},"guest":{"id":2,"identifier":"0:0:0:0:0:0:0:1:21:PostmanRuntime/7.26.8"},"choices":[],"ratings":[],"scales":[{"id":17,"content":"Scale_SurveyService","votes":[1,1,1,1,1,1,1,1,1,1],"sum":10,"anchor_left":"L","anchor_right":"R","anchor_central":"C","value_min":1,"value_max":10}],"sliders":[{"id":18,"content":"Slider_SurveyService","votes":[1,1],"sum":2,"value_min":55,"value_max":110,"interval":55},{"id":19,"content":"Slider2_SurveyService","votes":[0,0,0],"sum":0,"value_min":30,"value_max":0,"interval":10}],"questions":{"Choice":0,"Slider":2,"Rating":0,"Scale":1}}
2021-01-07 16:47:55.673  INFO 9052 --- [http-nio-8080-exec-4] c.p.a.c.SurveyServiceController          : [{"id_survey":16,"id_question":17},{"id_survey":16,"id_question":18},{"id_survey":16,"id_question":19}]
2021-01-07 16:47:55.684  INFO 9052 --- [http-nio-8080-exec-4] c.p.a.c.SurveyServiceController          : {"survey":{"id":16,"name":"SurveyService","description":"SurveyService","status":"open","creationDate":"2012-01-01T11:23:33","endDate":"2021-01-07T16:50:00"},"guest":{"id":2,"identifier":"0:0:0:0:0:0:0:1:21:PostmanRuntime/7.26.8"},"choices":[],"ratings":[],"scales":[{"id":17,"content":"Scale_SurveyService","votes":[1,1,1,1,1,1,1,1,1,1],"sum":10,"anchor_left":"L","anchor_right":"R","anchor_central":"C","value_min":1,"value_max":10}],"sliders":[{"id":18,"content":"Slider_SurveyService","votes":[1,1],"sum":2,"value_min":55,"value_max":110,"interval":55},{"id":19,"content":"Slider2_SurveyService","votes":[0,0,0],"sum":0,"value_min":30,"value_max":0,"interval":10}],"questions":{"Choice":0,"Slider":2,"Rating":0,"Scale":1}}
2021-01-07 16:47:56.282  INFO 9052 --- [http-nio-8080-exec-5] c.p.a.c.SurveyServiceController          : [{"id_survey":16,"id_question":17},{"id_survey":16,"id_question":18},{"id_survey":16,"id_question":19}]
2021-01-07 16:47:56.289  INFO 9052 --- [http-nio-8080-exec-5] c.p.a.c.SurveyServiceController          : {"survey":{"id":16,"name":"SurveyService","description":"SurveyService","status":"open","creationDate":"2012-01-01T11:23:33","endDate":"2021-01-07T16:50:00"},"guest":{"id":2,"identifier":"0:0:0:0:0:0:0:1:21:PostmanRuntime/7.26.8"},"choices":[],"ratings":[],"scales":[{"id":17,"content":"Scale_SurveyService","votes":[1,1,1,1,1,1,1,1,1,1],"sum":10,"anchor_left":"L","anchor_right":"R","anchor_central":"C","value_min":1,"value_max":10}],"sliders":[{"id":18,"content":"Slider_SurveyService","votes":[1,1],"sum":2,"value_min":55,"value_max":110,"interval":55},{"id":19,"content":"Slider2_SurveyService","votes":[0,0,0],"sum":0,"value_min":30,"value_max":0,"interval":10}],"questions":{"Choice":0,"Slider":2,"Rating":0,"Scale":1}}
2021-01-07 16:48:05.152  INFO 9052 --- [http-nio-8080-exec-6] c.p.a.c.SurveyServiceController          : [{"id_survey":20,"id_question":21},{"id_survey":20,"id_question":22},{"id_survey":20,"id_question":23}]
2021-01-07 16:48:05.158  INFO 9052 --- [http-nio-8080-exec-6] c.p.a.c.SurveyServiceController          : {"survey":{"id":20,"name":"SurveyService","description":"SurveyService","status":"open","creationDate":"2012-01-01T11:23:33","endDate":"2021-01-07T16:50:00"},"guest":{"id":2,"identifier":"0:0:0:0:0:0:0:1:21:PostmanRuntime/7.26.8"},"choices":[],"ratings":[],"scales":[{"id":21,"content":"Scale_SurveyService","votes":[1,1,1,1,1,1,1,1,1,1],"sum":10,"anchor_left":"L","anchor_right":"R","anchor_central":"C","value_min":1,"value_max":10}],"sliders":[{"id":22,"content":"Slider_SurveyService","votes":[1,1],"sum":2,"value_min":55,"value_max":110,"interval":55},{"id":23,"content":"Slider2_SurveyService","votes":[0,0,0],"sum":0,"value_min":30,"value_max":0,"interval":10}],"questions":{"Choice":0,"Slider":2,"Rating":0,"Scale":1}}
2021-01-07 16:48:06.098  INFO 9052 --- [http-nio-8080-exec-7] c.p.a.c.SurveyServiceController          : [{"id_survey":20,"id_question":21},{"id_survey":20,"id_question":22},{"id_survey":20,"id_question":23}]
2021-01-07 16:48:06.103  INFO 9052 --- [http-nio-8080-exec-7] c.p.a.c.SurveyServiceController          : {"survey":{"id":20,"name":"SurveyService","description":"SurveyService","status":"open","creationDate":"2012-01-01T11:23:33","endDate":"2021-01-07T16:50:00"},"guest":{"id":2,"identifier":"0:0:0:0:0:0:0:1:21:PostmanRuntime/7.26.8"},"choices":[],"ratings":[],"scales":[{"id":21,"content":"Scale_SurveyService","votes":[1,1,1,1,1,1,1,1,1,1],"sum":10,"anchor_left":"L","anchor_right":"R","anchor_central":"C","value_min":1,"value_max":10}],"sliders":[{"id":22,"content":"Slider_SurveyService","votes":[1,1],"sum":2,"value_min":55,"value_max":110,"interval":55},{"id":23,"content":"Slider2_SurveyService","votes":[0,0,0],"sum":0,"value_min":30,"value_max":0,"interval":10}],"questions":{"Choice":0,"Slider":2,"Rating":0,"Scale":1}}
2021-01-07 16:48:06.951  INFO 9052 --- [http-nio-8080-exec-8] c.p.a.c.SurveyServiceController          : [{"id_survey":20,"id_question":21},{"id_survey":20,"id_question":22},{"id_survey":20,"id_question":23}]
2021-01-07 16:48:06.957  INFO 9052 --- [http-nio-8080-exec-8] c.p.a.c.SurveyServiceController          : {"survey":{"id":20,"name":"SurveyService","description":"SurveyService","status":"open","creationDate":"2012-01-01T11:23:33","endDate":"2021-01-07T16:50:00"},"guest":{"id":2,"identifier":"0:0:0:0:0:0:0:1:21:PostmanRuntime/7.26.8"},"choices":[],"ratings":[],"scales":[{"id":21,"content":"Scale_SurveyService","votes":[1,1,1,1,1,1,1,1,1,1],"sum":10,"anchor_left":"L","anchor_right":"R","anchor_central":"C","value_min":1,"value_max":10}],"sliders":[{"id":22,"content":"Slider_SurveyService","votes":[1,1],"sum":2,"value_min":55,"value_max":110,"interval":55},{"id":23,"content":"Slider2_SurveyService","votes":[0,0,0],"sum":0,"value_min":30,"value_max":0,"interval":10}],"questions":{"Choice":0,"Slider":2,"Rating":0,"Scale":1}}
2021-01-07 16:48:10.871  INFO 9052 --- [http-nio-8080-exec-10] c.p.a.c.SurveyServiceController          : [{"id_survey":16,"id_question":17},{"id_survey":16,"id_question":18},{"id_survey":16,"id_question":19}]
2021-01-07 16:48:10.882  INFO 9052 --- [http-nio-8080-exec-10] c.p.a.c.SurveyServiceController          : {"survey":{"id":16,"name":"SurveyService","description":"SurveyService","status":"open","creationDate":"2012-01-01T11:23:33","endDate":"2021-01-07T16:50:00"},"guest":{"id":2,"identifier":"0:0:0:0:0:0:0:1:21:PostmanRuntime/7.26.8"},"choices":[],"ratings":[],"scales":[{"id":17,"content":"Scale_SurveyService","votes":[1,1,1,1,1,1,1,1,1,1],"sum":10,"anchor_left":"L","anchor_right":"R","anchor_central":"C","value_min":1,"value_max":10}],"sliders":[{"id":18,"content":"Slider_SurveyService","votes":[1,1],"sum":2,"value_min":55,"value_max":110,"interval":55},{"id":19,"content":"Slider2_SurveyService","votes":[0,0,0],"sum":0,"value_min":30,"value_max":0,"interval":10}],"questions":{"Choice":0,"Slider":2,"Rating":0,"Scale":1}}
2021-01-07 16:48:23.683  INFO 9052 --- [http-nio-8080-exec-9] c.p.a.c.SurveyServiceController          : [{"id_survey":20,"id_question":21},{"id_survey":20,"id_question":22},{"id_survey":20,"id_question":23}]
2021-01-07 16:48:23.693  INFO 9052 --- [http-nio-8080-exec-9] c.p.a.c.SurveyServiceController          : {"survey":{"id":20,"name":"SurveyService","description":"SurveyService","status":"open","creationDate":"2012-01-01T11:23:33","endDate":"2021-01-07T16:50:00"},"guest":{"id":2,"identifier":"0:0:0:0:0:0:0:1:21:PostmanRuntime/7.26.8"},"choices":[],"ratings":[],"scales":[{"id":21,"content":"Scale_SurveyService","votes":[1,1,1,1,1,1,1,1,1,1],"sum":10,"anchor_left":"L","anchor_right":"R","anchor_central":"C","value_min":1,"value_max":10}],"sliders":[{"id":22,"content":"Slider_SurveyService","votes":[1,1],"sum":2,"value_min":55,"value_max":110,"interval":55},{"id":23,"content":"Slider2_SurveyService","votes":[0,0,0],"sum":0,"value_min":30,"value_max":0,"interval":10}],"questions":{"Choice":0,"Slider":2,"Rating":0,"Scale":1}}
2021-01-07 16:48:30.092  INFO 9052 --- [http-nio-8080-exec-2] c.p.a.c.SurveyServiceController          : [{"id_survey":20,"id_question":21},{"id_survey":20,"id_question":22},{"id_survey":20,"id_question":23}]
2021-01-07 16:48:30.096  INFO 9052 --- [http-nio-8080-exec-2] c.p.a.c.SurveyServiceController          : {"survey":{"id":20,"name":"SurveyService","description":"SurveyService","status":"open","creationDate":"2012-01-01T11:23:33","endDate":"2021-01-07T16:50:00"},"guest":{"id":2,"identifier":"0:0:0:0:0:0:0:1:21:PostmanRuntime/7.26.8"},"choices":[],"ratings":[],"scales":[{"id":21,"content":"Scale_SurveyService","votes":[1,1,1,1,1,1,1,1,1,1],"sum":10,"anchor_left":"L","anchor_right":"R","anchor_central":"C","value_min":1,"value_max":10}],"sliders":[{"id":22,"content":"Slider_SurveyService","votes":[1,1],"sum":2,"value_min":55,"value_max":110,"interval":55},{"id":23,"content":"Slider2_SurveyService","votes":[0,0,0],"sum":0,"value_min":30,"value_max":0,"interval":10}],"questions":{"Choice":0,"Slider":2,"Rating":0,"Scale":1}}
2021-01-07 17:11:36.850  INFO 9052 --- [http-nio-8080-exec-4] c.p.a.c.SurveyServiceController          : [{"id_survey":20,"id_question":21},{"id_survey":20,"id_question":22},{"id_survey":20,"id_question":23}]
2021-01-07 17:11:36.858  INFO 9052 --- [http-nio-8080-exec-4] c.p.a.c.SurveyServiceController          : {"survey":{"id":20,"name":"SurveyService","description":"SurveyService","status":"close","creationDate":"2012-01-01T11:23:33","endDate":"2021-01-07T16:50:00"},"guest":{"id":2,"identifier":"0:0:0:0:0:0:0:1:21:PostmanRuntime/7.26.8"},"choices":[],"ratings":[],"scales":[{"id":21,"content":"Scale_SurveyService","votes":[1,1,1,1,1,1,1,1,1,1],"sum":10,"anchor_left":"L","anchor_right":"R","anchor_central":"C","value_min":1,"value_max":10}],"sliders":[{"id":22,"content":"Slider_SurveyService","votes":[1,1],"sum":2,"value_min":55,"value_max":110,"interval":55},{"id":23,"content":"Slider2_SurveyService","votes":[0,0,0],"sum":0,"value_min":30,"value_max":0,"interval":10}],"questions":{"Choice":0,"Slider":2,"Rating":0,"Scale":1}}
2021-01-07 17:11:38.328  INFO 9052 --- [http-nio-8080-exec-5] c.p.a.c.SurveyServiceController          : [{"id_survey":20,"id_question":21},{"id_survey":20,"id_question":22},{"id_survey":20,"id_question":23}]
2021-01-07 17:11:38.338  INFO 9052 --- [http-nio-8080-exec-5] c.p.a.c.SurveyServiceController          : {"survey":{"id":20,"name":"SurveyService","description":"SurveyService","status":"close","creationDate":"2012-01-01T11:23:33","endDate":"2021-01-07T16:50:00"},"guest":{"id":2,"identifier":"0:0:0:0:0:0:0:1:21:PostmanRuntime/7.26.8"},"choices":[],"ratings":[],"scales":[{"id":21,"content":"Scale_SurveyService","votes":[1,1,1,1,1,1,1,1,1,1],"sum":10,"anchor_left":"L","anchor_right":"R","anchor_central":"C","value_min":1,"value_max":10}],"sliders":[{"id":22,"content":"Slider_SurveyService","votes":[1,1],"sum":2,"value_min":55,"value_max":110,"interval":55},{"id":23,"content":"Slider2_SurveyService","votes":[0,0,0],"sum":0,"value_min":30,"value_max":0,"interval":10}],"questions":{"Choice":0,"Slider":2,"Rating":0,"Scale":1}}
2021-01-07 17:11:44.701  INFO 9052 --- [http-nio-8080-exec-6] c.p.a.c.SurveyServiceController          : X- No Survey id: 15
2021-01-07 17:11:44.707 ERROR 9052 --- [http-nio-8080-exec-6] o.a.c.c.C.[.[.[/].[dispatcherServlet]    : Servlet.service() for servlet [dispatcherServlet] in context with path [] threw exception [Request processing failed; nested exception is java.lang.NullPointerException] with root cause

java.lang.NullPointerException: null
	at com.pz.ankietBud.controller.SurveyServiceController.getSurveyService(SurveyServiceController.java:137) ~[classes/:na]
	at java.base/jdk.internal.reflect.NativeMethodAccessorImpl.invoke0(Native Method) ~[na:na]
	at java.base/jdk.internal.reflect.NativeMethodAccessorImpl.invoke(NativeMethodAccessorImpl.java:62) ~[na:na]
	at java.base/jdk.internal.reflect.DelegatingMethodAccessorImpl.invoke(DelegatingMethodAccessorImpl.java:43) ~[na:na]
	at java.base/java.lang.reflect.Method.invoke(Method.java:566) ~[na:na]
	at org.springframework.web.method.support.InvocableHandlerMethod.doInvoke(InvocableHandlerMethod.java:190) ~[spring-web-5.2.10.RELEASE.jar:5.2.10.RELEASE]
	at org.springframework.web.method.support.InvocableHandlerMethod.invokeForRequest(InvocableHandlerMethod.java:138) ~[spring-web-5.2.10.RELEASE.jar:5.2.10.RELEASE]
	at org.springframework.web.servlet.mvc.method.annotation.ServletInvocableHandlerMethod.invokeAndHandle(ServletInvocableHandlerMethod.java:105) ~[spring-webmvc-5.2.10.RELEASE.jar:5.2.10.RELEASE]
	at org.springframework.web.servlet.mvc.method.annotation.RequestMappingHandlerAdapter.invokeHandlerMethod(RequestMappingHandlerAdapter.java:878) ~[spring-webmvc-5.2.10.RELEASE.jar:5.2.10.RELEASE]
	at org.springframework.web.servlet.mvc.method.annotation.RequestMappingHandlerAdapter.handleInternal(RequestMappingHandlerAdapter.java:792) ~[spring-webmvc-5.2.10.RELEASE.jar:5.2.10.RELEASE]
	at org.springframework.web.servlet.mvc.method.AbstractHandlerMethodAdapter.handle(AbstractHandlerMethodAdapter.java:87) ~[spring-webmvc-5.2.10.RELEASE.jar:5.2.10.RELEASE]
	at org.springframework.web.servlet.DispatcherServlet.doDispatch(DispatcherServlet.java:1040) ~[spring-webmvc-5.2.10.RELEASE.jar:5.2.10.RELEASE]
	at org.springframework.web.servlet.DispatcherServlet.doService(DispatcherServlet.java:943) ~[spring-webmvc-5.2.10.RELEASE.jar:5.2.10.RELEASE]
	at org.springframework.web.servlet.FrameworkServlet.processRequest(FrameworkServlet.java:1006) ~[spring-webmvc-5.2.10.RELEASE.jar:5.2.10.RELEASE]
	at org.springframework.web.servlet.FrameworkServlet.doGet(FrameworkServlet.java:898) ~[spring-webmvc-5.2.10.RELEASE.jar:5.2.10.RELEASE]
	at javax.servlet.http.HttpServlet.service(HttpServlet.java:626) ~[tomcat-embed-core-9.0.39.jar:4.0.FR]
	at org.springframework.web.servlet.FrameworkServlet.service(FrameworkServlet.java:883) ~[spring-webmvc-5.2.10.RELEASE.jar:5.2.10.RELEASE]
	at javax.servlet.http.HttpServlet.service(HttpServlet.java:733) ~[tomcat-embed-core-9.0.39.jar:4.0.FR]
	at org.apache.catalina.core.ApplicationFilterChain.internalDoFilter(ApplicationFilterChain.java:231) ~[tomcat-embed-core-9.0.39.jar:9.0.39]
	at org.apache.catalina.core.ApplicationFilterChain.doFilter(ApplicationFilterChain.java:166) ~[tomcat-embed-core-9.0.39.jar:9.0.39]
	at org.apache.tomcat.websocket.server.WsFilter.doFilter(WsFilter.java:53) ~[tomcat-embed-websocket-9.0.39.jar:9.0.39]
	at org.apache.catalina.core.ApplicationFilterChain.internalDoFilter(ApplicationFilterChain.java:193) ~[tomcat-embed-core-9.0.39.jar:9.0.39]
	at org.apache.catalina.core.ApplicationFilterChain.doFilter(ApplicationFilterChain.java:166) ~[tomcat-embed-core-9.0.39.jar:9.0.39]
	at org.springframework.web.filter.RequestContextFilter.doFilterInternal(RequestContextFilter.java:100) ~[spring-web-5.2.10.RELEASE.jar:5.2.10.RELEASE]
	at org.springframework.web.filter.OncePerRequestFilter.doFilter(OncePerRequestFilter.java:119) ~[spring-web-5.2.10.RELEASE.jar:5.2.10.RELEASE]
	at org.apache.catalina.core.ApplicationFilterChain.internalDoFilter(ApplicationFilterChain.java:193) ~[tomcat-embed-core-9.0.39.jar:9.0.39]
	at org.apache.catalina.core.ApplicationFilterChain.doFilter(ApplicationFilterChain.java:166) ~[tomcat-embed-core-9.0.39.jar:9.0.39]
	at org.springframework.web.filter.FormContentFilter.doFilterInternal(FormContentFilter.java:93) ~[spring-web-5.2.10.RELEASE.jar:5.2.10.RELEASE]
	at org.springframework.web.filter.OncePerRequestFilter.doFilter(OncePerRequestFilter.java:119) ~[spring-web-5.2.10.RELEASE.jar:5.2.10.RELEASE]
	at org.apache.catalina.core.ApplicationFilterChain.internalDoFilter(ApplicationFilterChain.java:193) ~[tomcat-embed-core-9.0.39.jar:9.0.39]
	at org.apache.catalina.core.ApplicationFilterChain.doFilter(ApplicationFilterChain.java:166) ~[tomcat-embed-core-9.0.39.jar:9.0.39]
	at org.springframework.web.filter.CharacterEncodingFilter.doFilterInternal(CharacterEncodingFilter.java:201) ~[spring-web-5.2.10.RELEASE.jar:5.2.10.RELEASE]
	at org.springframework.web.filter.OncePerRequestFilter.doFilter(OncePerRequestFilter.java:119) ~[spring-web-5.2.10.RELEASE.jar:5.2.10.RELEASE]
	at org.apache.catalina.core.ApplicationFilterChain.internalDoFilter(ApplicationFilterChain.java:193) ~[tomcat-embed-core-9.0.39.jar:9.0.39]
	at org.apache.catalina.core.ApplicationFilterChain.doFilter(ApplicationFilterChain.java:166) ~[tomcat-embed-core-9.0.39.jar:9.0.39]
	at org.apache.catalina.core.StandardWrapperValve.invoke(StandardWrapperValve.java:202) ~[tomcat-embed-core-9.0.39.jar:9.0.39]
	at org.apache.catalina.core.StandardContextValve.invoke(StandardContextValve.java:97) ~[tomcat-embed-core-9.0.39.jar:9.0.39]
	at org.apache.catalina.authenticator.AuthenticatorBase.invoke(AuthenticatorBase.java:542) ~[tomcat-embed-core-9.0.39.jar:9.0.39]
	at org.apache.catalina.core.StandardHostValve.invoke(StandardHostValve.java:143) ~[tomcat-embed-core-9.0.39.jar:9.0.39]
	at org.apache.catalina.valves.ErrorReportValve.invoke(ErrorReportValve.java:92) ~[tomcat-embed-core-9.0.39.jar:9.0.39]
	at org.apache.catalina.core.StandardEngineValve.invoke(StandardEngineValve.java:78) ~[tomcat-embed-core-9.0.39.jar:9.0.39]
	at org.apache.catalina.connector.CoyoteAdapter.service(CoyoteAdapter.java:343) ~[tomcat-embed-core-9.0.39.jar:9.0.39]
	at org.apache.coyote.http11.Http11Processor.service(Http11Processor.java:374) ~[tomcat-embed-core-9.0.39.jar:9.0.39]
	at org.apache.coyote.AbstractProcessorLight.process(AbstractProcessorLight.java:65) ~[tomcat-embed-core-9.0.39.jar:9.0.39]
	at org.apache.coyote.AbstractProtocol$ConnectionHandler.process(AbstractProtocol.java:868) ~[tomcat-embed-core-9.0.39.jar:9.0.39]
	at org.apache.tomcat.util.net.NioEndpoint$SocketProcessor.doRun(NioEndpoint.java:1590) ~[tomcat-embed-core-9.0.39.jar:9.0.39]
	at org.apache.tomcat.util.net.SocketProcessorBase.run(SocketProcessorBase.java:49) ~[tomcat-embed-core-9.0.39.jar:9.0.39]
	at java.base/java.util.concurrent.ThreadPoolExecutor.runWorker(ThreadPoolExecutor.java:1128) ~[na:na]
	at java.base/java.util.concurrent.ThreadPoolExecutor$Worker.run(ThreadPoolExecutor.java:628) ~[na:na]
	at org.apache.tomcat.util.threads.TaskThread$WrappingRunnable.run(TaskThread.java:61) ~[tomcat-embed-core-9.0.39.jar:9.0.39]
	at java.base/java.lang.Thread.run(Thread.java:834) ~[na:na]

2021-01-07 17:11:48.358  INFO 9052 --- [http-nio-8080-exec-8] c.p.a.c.SurveyServiceController          : [{"id_survey":16,"id_question":17},{"id_survey":16,"id_question":18},{"id_survey":16,"id_question":19}]
2021-01-07 17:11:48.363  INFO 9052 --- [http-nio-8080-exec-8] c.p.a.c.SurveyServiceController          : {"survey":{"id":16,"name":"SurveyService","description":"SurveyService","status":"close","creationDate":"2012-01-01T11:23:33","endDate":"2021-01-07T16:50:00"},"guest":{"id":2,"identifier":"0:0:0:0:0:0:0:1:21:PostmanRuntime/7.26.8"},"choices":[],"ratings":[],"scales":[{"id":17,"content":"Scale_SurveyService","votes":[1,1,1,1,1,1,1,1,1,1],"sum":10,"anchor_left":"L","anchor_right":"R","anchor_central":"C","value_min":1,"value_max":10}],"sliders":[{"id":18,"content":"Slider_SurveyService","votes":[1,1],"sum":2,"value_min":55,"value_max":110,"interval":55},{"id":19,"content":"Slider2_SurveyService","votes":[0,0,0],"sum":0,"value_min":30,"value_max":0,"interval":10}],"questions":{"Choice":0,"Slider":2,"Rating":0,"Scale":1}}
